# JRE version: Java(TM) SE Runtime Environment (19.0+36) (build 19+36-2238)
# Java VM: Java HotSpot(TM) 64-Bit Server VM (19+36-2238, mixed mode, sharing, tiered, compressed oops, compressed class ptrs, g1 gc, windows-amd64)
GC Precious Log:
 CardTable entry size: 512
 Card Set container configuration: InlinePtr #cards 4 size 8 Array Of Cards #cards 16 size 48 Howl #buckets 8 coarsen threshold 7372 Howl Bitmap #cards 1024 size 144 coarsen threshold 921 Card regions per heap region 1 cards per card region 8192
 CPUs: 8 total, 8 available
 Memory: 32528M
 Large Page Support: Disabled
 NUMA Support: Disabled
 Compressed Oops: Enabled (Zero based)
 Heap Region Size: 4M
 Heap Min Capacity: 8M
 Heap Initial Capacity: 512M
 Heap Max Capacity: 8136M
 Pre-touch: Disabled
 Parallel Workers: 8
 Concurrent Workers: 2
 Concurrent Refinement Workers: 8
 Periodic GC: Disabled
Heap:
 garbage-first heap   total 1257472K, used 13744K [0x0000000603800000, 0x0000000800000000)
  region size 4096K, 2 young (8192K), 2 survivors (8192K)
 Metaspace       used 17261K, committed 17536K, reserved 1114112K
  class space    used 1681K, committed 1792K, reserved 1048576K
GC Heap History (20 events):
Event: 6.033 GC heap after
{Heap after GC invocations=7 (full 0):
 garbage-first heap   total 888832K, used 13223K [0x0000000603800000, 0x0000000800000000)
  region size 4096K, 2 young (8192K), 2 survivors (8192K)
 Metaspace       used 17255K, committed 17536K, reserved 1114112K
  class space    used 1681K, committed 1792K, reserved 1048576K
}
Event: 6.369 GC heap before
{Heap before GC invocations=7 (full 0):
 garbage-first heap   total 888832K, used 533415K [0x0000000603800000, 0x0000000800000000)
  region size 4096K, 130 young (532480K), 2 survivors (8192K)
 Metaspace       used 17260K, committed 17536K, reserved 1114112K
  class space    used 1681K, committed 1792K, reserved 1048576K
}
Event: 6.371 GC heap after
{Heap after GC invocations=8 (full 0):
 garbage-first heap   total 888832K, used 13218K [0x0000000603800000, 0x0000000800000000)
  region size 4096K, 2 young (8192K), 2 survivors (8192K)
 Metaspace       used 17260K, committed 17536K, reserved 1114112K
  class space    used 1681K, committed 1792K, reserved 1048576K
}
Event: 6.440 GC heap before
{Heap before GC invocations=8 (full 0):
 garbage-first heap   total 888832K, used 533410K [0x0000000603800000, 0x0000000800000000)
  region size 4096K, 130 young (532480K), 2 survivors (8192K)
 Metaspace       used 17260K, committed 17536K, reserved 1114112K
  class space    used 1681K, committed 1792K, reserved 1048576K
}
Event: 6.442 GC heap after
{Heap after GC invocations=9 (full 0):
 garbage-first heap   total 888832K, used 13422K [0x0000000603800000, 0x0000000800000000)
  region size 4096K, 2 young (8192K), 2 survivors (8192K)
 Metaspace       used 17260K, committed 17536K, reserved 1114112K
  class space    used 1681K, committed 1792K, reserved 1048576K
}
Event: 6.524 GC heap before
{Heap before GC invocations=9 (full 0):
 garbage-first heap   total 888832K, used 533614K [0x0000000603800000, 0x0000000800000000)
  region size 4096K, 130 young (532480K), 2 survivors (8192K)
 Metaspace       used 17261K, committed 17536K, reserved 1114112K
  class space    used 1681K, committed 1792K, reserved 1048576K
}
Event: 6.526 GC heap after
{Heap after GC invocations=10 (full 0):
 garbage-first heap   total 888832K, used 13534K [0x0000000603800000, 0x0000000800000000)
  region size 4096K, 2 young (8192K), 2 survivors (8192K)
 Metaspace       used 17261K, committed 17536K, reserved 1114112K
  class space    used 1681K, committed 1792K, reserved 1048576K
}
Event: 6.600 GC heap before
{Heap before GC invocations=10 (full 0):
 garbage-first heap   total 888832K, used 533726K [0x0000000603800000, 0x0000000800000000)
  region size 4096K, 130 young (532480K), 2 survivors (8192K)
 Metaspace       used 17261K, committed 17536K, reserved 1114112K
  class space    used 1681K, committed 1792K, reserved 1048576K
}
Event: 6.603 GC heap after
{Heap after GC invocations=11 (full 0):
 garbage-first heap   total 888832K, used 13744K [0x0000000603800000, 0x0000000800000000)
  region size 4096K, 2 young (8192K), 2 survivors (8192K)
 Metaspace       used 17261K, committed 17536K, reserved 1114112K
  class space    used 1681K, committed 1792K, reserved 1048576K
}
Event: 6.686 GC heap before
{Heap before GC invocations=11 (full 0):
 garbage-first heap   total 888832K, used 533936K [0x0000000603800000, 0x0000000800000000)
  region size 4096K, 130 young (532480K), 2 survivors (8192K)
 Metaspace       used 17261K, committed 17536K, reserved 1114112K
  class space    used 1681K, committed 1792K, reserved 1048576K
}
Event: 6.692 GC heap after
{Heap after GC invocations=12 (full 0):
 garbage-first heap   total 1257472K, used 13640K [0x0000000603800000, 0x0000000800000000)
  region size 4096K, 2 young (8192K), 2 survivors (8192K)
 Metaspace       used 17261K, committed 17536K, reserved 1114112K
  class space    used 1681K, committed 1792K, reserved 1048576K
}
Event: 7.084 GC heap before
{Heap before GC invocations=12 (full 0):
 garbage-first heap   total 1257472K, used 755016K [0x0000000603800000, 0x0000000800000000)
  region size 4096K, 184 young (753664K), 2 survivors (8192K)
 Metaspace       used 17261K, committed 17536K, reserved 1114112K
  class space    used 1681K, committed 1792K, reserved 1048576K
}
Event: 7.087 GC heap after
{Heap after GC invocations=13 (full 0):
 garbage-first heap   total 1257472K, used 13744K [0x0000000603800000, 0x0000000800000000)
  region size 4096K, 2 young (8192K), 2 survivors (8192K)
 Metaspace       used 17261K, committed 17536K, reserved 1114112K
  class space    used 1681K, committed 1792K, reserved 1048576K
}
Event: 7.222 GC heap before
{Heap before GC invocations=13 (full 0):
 garbage-first heap   total 1257472K, used 755120K [0x0000000603800000, 0x0000000800000000)
  region size 4096K, 184 young (753664K), 2 survivors (8192K)
 Metaspace       used 17261K, committed 17536K, reserved 1114112K
  class space    used 1681K, committed 1792K, reserved 1048576K
}
Event: 7.225 GC heap after
{Heap after GC invocations=14 (full 0):
 garbage-first heap   total 1257472K, used 13848K [0x0000000603800000, 0x0000000800000000)
  region size 4096K, 2 young (8192K), 2 survivors (8192K)
 Metaspace       used 17261K, committed 17536K, reserved 1114112K
  class space    used 1681K, committed 1792K, reserved 1048576K
}
Event: 7.398 GC heap before
{Heap before GC invocations=14 (full 0):
 garbage-first heap   total 1257472K, used 755224K [0x0000000603800000, 0x0000000800000000)
  region size 4096K, 184 young (753664K), 2 survivors (8192K)
 Metaspace       used 17261K, committed 17536K, reserved 1114112K
  class space    used 1681K, committed 1792K, reserved 1048576K
}
Event: 7.403 GC heap after
{Heap after GC invocations=15 (full 0):
 garbage-first heap   total 1257472K, used 13744K [0x0000000603800000, 0x0000000800000000)
  region size 4096K, 2 young (8192K), 2 survivors (8192K)
 Metaspace       used 17261K, committed 17536K, reserved 1114112K
  class space    used 1681K, committed 1792K, reserved 1048576K
}
Event: 7.512 GC heap before
{Heap before GC invocations=15 (full 0):
 garbage-first heap   total 1257472K, used 755120K [0x0000000603800000, 0x0000000800000000)
  region size 4096K, 184 young (753664K), 2 survivors (8192K)
 Metaspace       used 17261K, committed 17536K, reserved 1114112K
  class space    used 1681K, committed 1792K, reserved 1048576K
}
Event: 7.515 GC heap after
{Heap after GC invocations=16 (full 0):
 garbage-first heap   total 1257472K, used 13744K [0x0000000603800000, 0x0000000800000000)
  region size 4096K, 2 young (8192K), 2 survivors (8192K)
 Metaspace       used 17261K, committed 17536K, reserved 1114112K
  class space    used 1681K, committed 1792K, reserved 1048576K
}
Event: 7.614 GC heap before
{Heap before GC invocations=16 (full 0):
 garbage-first heap   total 1257472K, used 755120K [0x0000000603800000, 0x0000000800000000)
  region size 4096K, 184 young (753664K), 2 survivors (8192K)
 Metaspace       used 17261K, committed 17536K, reserved 1114112K
  class space    used 1681K, committed 1792K, reserved 1048576K
}

